<?xml version="1.0" encoding="UTF-8"?>
<testsuite xmlns:xsi="http://www.w3.org/2001/XMLSchema-instance" xsi:noNamespaceSchemaLocation="https://maven.apache.org/surefire/maven-surefire-plugin/xsd/surefire-test-report.xsd" name="org.example.Mesto1Test" time="6.634" tests="2" errors="0" skipped="0" failures="0">
  <properties>
    <property name="java.specification.version" value="19"/>
    <property name="sun.jnu.encoding" value="UTF-8"/>
    <property name="java.class.path" value="/Users/svetlana/Documents/jenk3/jenk3/target/test-classes:/Users/svetlana/Documents/jenk3/jenk3/target/classes:/Users/svetlana/.m2/repository/io/rest-assured/rest-assured/5.3.0/rest-assured-5.3.0.jar:/Users/svetlana/.m2/repository/org/apache/groovy/groovy/4.0.6/groovy-4.0.6.jar:/Users/svetlana/.m2/repository/org/apache/groovy/groovy-xml/4.0.6/groovy-xml-4.0.6.jar:/Users/svetlana/.m2/repository/org/apache/httpcomponents/httpclient/4.5.13/httpclient-4.5.13.jar:/Users/svetlana/.m2/repository/org/apache/httpcomponents/httpcore/4.4.13/httpcore-4.4.13.jar:/Users/svetlana/.m2/repository/commons-logging/commons-logging/1.2/commons-logging-1.2.jar:/Users/svetlana/.m2/repository/commons-codec/commons-codec/1.11/commons-codec-1.11.jar:/Users/svetlana/.m2/repository/org/apache/httpcomponents/httpmime/4.5.13/httpmime-4.5.13.jar:/Users/svetlana/.m2/repository/org/hamcrest/hamcrest/2.1/hamcrest-2.1.jar:/Users/svetlana/.m2/repository/org/ccil/cowan/tagsoup/tagsoup/1.2.1/tagsoup-1.2.1.jar:/Users/svetlana/.m2/repository/io/rest-assured/json-path/5.3.0/json-path-5.3.0.jar:/Users/svetlana/.m2/repository/org/apache/groovy/groovy-json/4.0.6/groovy-json-4.0.6.jar:/Users/svetlana/.m2/repository/io/rest-assured/rest-assured-common/5.3.0/rest-assured-common-5.3.0.jar:/Users/svetlana/.m2/repository/io/rest-assured/xml-path/5.3.0/xml-path-5.3.0.jar:/Users/svetlana/.m2/repository/org/apache/commons/commons-lang3/3.11/commons-lang3-3.11.jar:/Users/svetlana/.m2/repository/junit/junit/4.13.1/junit-4.13.1.jar:/Users/svetlana/.m2/repository/org/hamcrest/hamcrest-core/1.3/hamcrest-core-1.3.jar:/Users/svetlana/.m2/repository/com/google/code/gson/gson/2.8.9/gson-2.8.9.jar:/Users/svetlana/.m2/repository/io/qameta/allure/allure-junit4/2.24.0/allure-junit4-2.24.0.jar:/Users/svetlana/.m2/repository/io/qameta/allure/allure-java-commons/2.24.0/allure-java-commons-2.24.0.jar:/Users/svetlana/.m2/repository/org/slf4j/slf4j-api/1.7.36/slf4j-api-1.7.36.jar:/Users/svetlana/.m2/repository/io/qameta/allure/allure-model/2.24.0/allure-model-2.24.0.jar:/Users/svetlana/.m2/repository/io/qameta/allure/allure-test-filter/2.24.0/allure-test-filter-2.24.0.jar:/Users/svetlana/.m2/repository/io/qameta/allure/allure-rest-assured/2.24.0/allure-rest-assured-2.24.0.jar:/Users/svetlana/.m2/repository/io/qameta/allure/allure-attachments/2.24.0/allure-attachments-2.24.0.jar:/Users/svetlana/.m2/repository/org/freemarker/freemarker/2.3.31/freemarker-2.3.31.jar:"/>
    <property name="java.vm.vendor" value="Oracle Corporation"/>
    <property name="sun.arch.data.model" value="64"/>
    <property name="java.vendor.url" value="https://java.oracle.com/"/>
    <property name="os.name" value="Mac OS X"/>
    <property name="java.vm.specification.version" value="19"/>
    <property name="sun.java.launcher" value="SUN_STANDARD"/>
    <property name="user.country" value="RU"/>
    <property name="sun.boot.library.path" value="/Users/svetlana/Library/Java/JavaVirtualMachines/openjdk-19.0.1/Contents/Home/lib"/>
    <property name="sun.java.command" value="/Users/svetlana/Documents/jenk3/jenk3/target/surefire/surefirebooter15528292881964661389.jar /Users/svetlana/Documents/jenk3/jenk3/target/surefire 2023-09-10T14-06-45_266-jvmRun1 surefire17433892342721010868tmp surefire_03906109886075522385tmp"/>
    <property name="http.nonProxyHosts" value="local|*.local|169.254/16|*.169.254/16"/>
    <property name="jdk.debug" value="release"/>
    <property name="surefire.test.class.path" value="/Users/svetlana/Documents/jenk3/jenk3/target/test-classes:/Users/svetlana/Documents/jenk3/jenk3/target/classes:/Users/svetlana/.m2/repository/io/rest-assured/rest-assured/5.3.0/rest-assured-5.3.0.jar:/Users/svetlana/.m2/repository/org/apache/groovy/groovy/4.0.6/groovy-4.0.6.jar:/Users/svetlana/.m2/repository/org/apache/groovy/groovy-xml/4.0.6/groovy-xml-4.0.6.jar:/Users/svetlana/.m2/repository/org/apache/httpcomponents/httpclient/4.5.13/httpclient-4.5.13.jar:/Users/svetlana/.m2/repository/org/apache/httpcomponents/httpcore/4.4.13/httpcore-4.4.13.jar:/Users/svetlana/.m2/repository/commons-logging/commons-logging/1.2/commons-logging-1.2.jar:/Users/svetlana/.m2/repository/commons-codec/commons-codec/1.11/commons-codec-1.11.jar:/Users/svetlana/.m2/repository/org/apache/httpcomponents/httpmime/4.5.13/httpmime-4.5.13.jar:/Users/svetlana/.m2/repository/org/hamcrest/hamcrest/2.1/hamcrest-2.1.jar:/Users/svetlana/.m2/repository/org/ccil/cowan/tagsoup/tagsoup/1.2.1/tagsoup-1.2.1.jar:/Users/svetlana/.m2/repository/io/rest-assured/json-path/5.3.0/json-path-5.3.0.jar:/Users/svetlana/.m2/repository/org/apache/groovy/groovy-json/4.0.6/groovy-json-4.0.6.jar:/Users/svetlana/.m2/repository/io/rest-assured/rest-assured-common/5.3.0/rest-assured-common-5.3.0.jar:/Users/svetlana/.m2/repository/io/rest-assured/xml-path/5.3.0/xml-path-5.3.0.jar:/Users/svetlana/.m2/repository/org/apache/commons/commons-lang3/3.11/commons-lang3-3.11.jar:/Users/svetlana/.m2/repository/junit/junit/4.13.1/junit-4.13.1.jar:/Users/svetlana/.m2/repository/org/hamcrest/hamcrest-core/1.3/hamcrest-core-1.3.jar:/Users/svetlana/.m2/repository/com/google/code/gson/gson/2.8.9/gson-2.8.9.jar:/Users/svetlana/.m2/repository/io/qameta/allure/allure-junit4/2.24.0/allure-junit4-2.24.0.jar:/Users/svetlana/.m2/repository/io/qameta/allure/allure-java-commons/2.24.0/allure-java-commons-2.24.0.jar:/Users/svetlana/.m2/repository/org/slf4j/slf4j-api/1.7.36/slf4j-api-1.7.36.jar:/Users/svetlana/.m2/repository/io/qameta/allure/allure-model/2.24.0/allure-model-2.24.0.jar:/Users/svetlana/.m2/repository/io/qameta/allure/allure-test-filter/2.24.0/allure-test-filter-2.24.0.jar:/Users/svetlana/.m2/repository/io/qameta/allure/allure-rest-assured/2.24.0/allure-rest-assured-2.24.0.jar:/Users/svetlana/.m2/repository/io/qameta/allure/allure-attachments/2.24.0/allure-attachments-2.24.0.jar:/Users/svetlana/.m2/repository/org/freemarker/freemarker/2.3.31/freemarker-2.3.31.jar:"/>
    <property name="allure.results.directory" value="/Users/svetlana/Documents/jenk3/jenk3/target/allure-results"/>
    <property name="sun.cpu.endian" value="little"/>
    <property name="user.home" value="/Users/svetlana"/>
    <property name="user.language" value="en"/>
    <property name="java.specification.vendor" value="Oracle Corporation"/>
    <property name="java.version.date" value="2022-10-18"/>
    <property name="java.home" value="/Users/svetlana/Library/Java/JavaVirtualMachines/openjdk-19.0.1/Contents/Home"/>
    <property name="file.separator" value="/"/>
    <property name="basedir" value="/Users/svetlana/Documents/jenk3/jenk3"/>
    <property name="java.vm.compressedOopsMode" value="Zero based"/>
    <property name="line.separator" value="&#10;"/>
    <property name="java.vm.specification.vendor" value="Oracle Corporation"/>
    <property name="java.specification.name" value="Java Platform API Specification"/>
    <property name="apple.awt.application.name" value="ForkedBooter"/>
    <property name="surefire.real.class.path" value="/Users/svetlana/Documents/jenk3/jenk3/target/surefire/surefirebooter15528292881964661389.jar"/>
    <property name="sun.management.compiler" value="HotSpot 64-Bit Tiered Compilers"/>
    <property name="ftp.nonProxyHosts" value="local|*.local|169.254/16|*.169.254/16"/>
    <property name="java.runtime.version" value="19.0.1+10-21"/>
    <property name="user.name" value="svetlana"/>
    <property name="stdout.encoding" value="UTF-8"/>
    <property name="path.separator" value=":"/>
    <property name="os.version" value="10.15.7"/>
    <property name="java.runtime.name" value="OpenJDK Runtime Environment"/>
    <property name="file.encoding" value="UTF-8"/>
    <property name="java.vm.name" value="OpenJDK 64-Bit Server VM"/>
    <property name="localRepository" value="/Users/svetlana/.m2/repository"/>
    <property name="java.vendor.url.bug" value="https://bugreport.java.com/bugreport/"/>
    <property name="java.io.tmpdir" value="/var/folders/nr/fq0gmvwj43q87gybk9jcrn4m0000gn/T/"/>
    <property name="java.version" value="19.0.1"/>
    <property name="user.dir" value="/Users/svetlana/Documents/jenk3/jenk3"/>
    <property name="os.arch" value="x86_64"/>
    <property name="java.vm.specification.name" value="Java Virtual Machine Specification"/>
    <property name="native.encoding" value="UTF-8"/>
    <property name="java.library.path" value="/Users/svetlana/Library/Java/Extensions:/Library/Java/Extensions:/Network/Library/Java/Extensions:/System/Library/Java/Extensions:/usr/lib/java:."/>
    <property name="java.vm.info" value="mixed mode, sharing"/>
    <property name="stderr.encoding" value="UTF-8"/>
    <property name="java.vendor" value="Oracle Corporation"/>
    <property name="java.vm.version" value="19.0.1+10-21"/>
    <property name="sun.io.unicode.encoding" value="UnicodeBig"/>
    <property name="socksNonProxyHosts" value="local|*.local|169.254/16|*.169.254/16"/>
    <property name="java.class.version" value="63.0"/>
  </properties>
  <testcase name="likeTheFirstPhoto" classname="org.example.Mesto1Test" time="6.048"/>
  <testcase name="addNewPhoto" classname="org.example.Mesto1Test" time="0.406"/>
</testsuite>